<?xml version="1.0" encoding="UTF-8"?>
<!-- Generated by org.testng.reporters.JUnitXMLReporter -->
<testsuite ignored="4" hostname="DESKTOP-NHN1E61" failures="0" tests="5" name="Test(failed)" time="0.097" errors="0" timestamp="2023-10-03T16:32:17 IST">
  <testcase classname="com.actitime.testscript.CustomerModule" name="modifyCustomer" time="0.012"/>
  <testcase classname="com.actitime.testscript.CustomerModule" name="deleteCustomer" time="0.004"/>
  <testcase classname="com.actitime.testscript.TaskModule" name="deleteTask" time="0.003"/>
  <testcase classname="com.actitime.testscript.ProjectModule" name="createProject" time="0.002"/>
  <testcase classname="com.actitime.testscript.ProjectModule" name="modifyProject" time="0.001"/>
  <testcase classname="com.actitime.testscript.TaskModule" name="modifyTask" time="0.0">
    <ignored/>
  </testcase> <!-- modifyTask -->
  <testcase classname="com.actitime.testscript.TaskModule" name="createTask" time="0.0">
    <ignored/>
  </testcase> <!-- createTask -->
  <testcase classname="com.actitime.testscript.CustomerModule" name="createCustomer" time="0.0">
    <ignored/>
  </testcase> <!-- createCustomer -->
  <testcase classname="com.actitime.testscript.ProjectModule" name="deleteProject" time="0.0">
    <ignored/>
  </testcase> <!-- deleteProject -->
</testsuite> <!-- Test(failed) -->
