<?xml version="1.0" encoding="UTF-8"?>
<!-- Generated by org.testng.reporters.JUnitXMLReporter -->
<testsuite ignored="1" hostname="DESKTOP-NHN1E61" failures="0" tests="2" name="Test" time="0.082" errors="0" timestamp="2023-10-04T15:46:55 IST">
  <testcase classname="com.actitime.testscript.CustomerModule" name="deleteCustomer" time="0.01"/>
  <testcase classname="com.actitime.testscript.CustomerModule" name="createCustomer" time="0.003"/>
  <testcase classname="com.actitime.testscript.CustomerModule" name="modifyCustomer" time="0.0">
    <ignored/>
  </testcase> <!-- modifyCustomer -->
</testsuite> <!-- Test -->
